2014-09-11 13:10:49 Error: [MissingControllerException] Controller class PostsController could not be found.
Exception Attributes: array (
  'class' => 'PostsController',
  'plugin' => NULL,
)
Request URL: /tagging/posts/index
Stack Trace:
#0 /var/www/html/tagging/app/webroot/index.php(108): Dispatcher->dispatch(Object(CakeRequest), Object(CakeResponse))
#1 {main}
2014-09-11 13:14:39 Error: [MissingControllerException] Controller class PostsController could not be found.
Exception Attributes: array (
  'class' => 'PostsController',
  'plugin' => NULL,
)
Request URL: /tagging/posts
Stack Trace:
#0 /var/www/html/tagging/app/webroot/index.php(108): Dispatcher->dispatch(Object(CakeRequest), Object(CakeResponse))
#1 {main}
2014-09-12 16:44:05 Error: Fatal Error (1): Call to a member function allow() on a non-object in [/var/www/html/tagging/app/Controller/UsersController.php, line 9]
2014-09-12 16:44:05 Error: [FatalErrorException] Call to a member function allow() on a non-object
Request URL: /tagging/users/add
Stack Trace:
#0 /var/www/html/tagging/lib/Cake/Error/ErrorHandler.php(203): ErrorHandler::handleFatalError(1, 'Call to a membe...', '/var/www/html/t...', 9)
#1 [internal function]: ErrorHandler::handleError(1, 'Call to a membe...', '/var/www/html/t...', 9, Array)
#2 /var/www/html/tagging/lib/Cake/Core/App.php(931): call_user_func('ErrorHandler::h...', 1, 'Call to a membe...', '/var/www/html/t...', 9, Array)
#3 /var/www/html/tagging/lib/Cake/Core/App.php(904): App::_checkFatalError()
#4 [internal function]: App::shutdown()
#5 {main}
2014-09-12 16:45:40 Error: Fatal Error (1): Call to a member function allow() on a non-object in [/var/www/html/tagging/app/Controller/UsersController.php, line 9]
2014-09-12 16:45:40 Error: [FatalErrorException] Call to a member function allow() on a non-object
Request URL: /tagging/users
Stack Trace:
#0 /var/www/html/tagging/lib/Cake/Error/ErrorHandler.php(203): ErrorHandler::handleFatalError(1, 'Call to a membe...', '/var/www/html/t...', 9)
#1 [internal function]: ErrorHandler::handleError(1, 'Call to a membe...', '/var/www/html/t...', 9, Array)
#2 /var/www/html/tagging/lib/Cake/Core/App.php(931): call_user_func('ErrorHandler::h...', 1, 'Call to a membe...', '/var/www/html/t...', 9, Array)
#3 /var/www/html/tagging/lib/Cake/Core/App.php(904): App::_checkFatalError()
#4 [internal function]: App::shutdown()
#5 {main}
2014-09-12 16:51:45 Error: Fatal Error (1): Call to a member function allow() on a non-object in [/var/www/html/tagging/app/Controller/UsersController.php, line 9]
2014-09-12 16:51:45 Error: [FatalErrorException] Call to a member function allow() on a non-object
Request URL: /tagging/users
Stack Trace:
#0 /var/www/html/tagging/lib/Cake/Error/ErrorHandler.php(203): ErrorHandler::handleFatalError(1, 'Call to a membe...', '/var/www/html/t...', 9)
#1 [internal function]: ErrorHandler::handleError(1, 'Call to a membe...', '/var/www/html/t...', 9, Array)
#2 /var/www/html/tagging/lib/Cake/Core/App.php(931): call_user_func('ErrorHandler::h...', 1, 'Call to a membe...', '/var/www/html/t...', 9, Array)
#3 /var/www/html/tagging/lib/Cake/Core/App.php(904): App::_checkFatalError()
#4 [internal function]: App::shutdown()
#5 {main}
2014-09-12 17:41:57 Error: [MissingActionException] Action UsersController::login() could not be found.
Exception Attributes: array (
  'controller' => 'UsersController',
  'action' => 'login',
)
Request URL: /tagging/users/login
Stack Trace:
#0 /var/www/html/tagging/lib/Cake/Routing/Dispatcher.php(191): Controller->invokeAction(Object(CakeRequest))
#1 /var/www/html/tagging/lib/Cake/Routing/Dispatcher.php(165): Dispatcher->_invoke(Object(UsersController), Object(CakeRequest))
#2 /var/www/html/tagging/app/webroot/index.php(108): Dispatcher->dispatch(Object(CakeRequest), Object(CakeResponse))
#3 {main}
2014-09-12 17:45:16 Error: [MissingActionException] Action UsersController::login() could not be found.
Exception Attributes: array (
  'controller' => 'UsersController',
  'action' => 'login',
)
Request URL: /tagging/users/login
Stack Trace:
#0 /var/www/html/tagging/lib/Cake/Routing/Dispatcher.php(191): Controller->invokeAction(Object(CakeRequest))
#1 /var/www/html/tagging/lib/Cake/Routing/Dispatcher.php(165): Dispatcher->_invoke(Object(UsersController), Object(CakeRequest))
#2 /var/www/html/tagging/app/webroot/index.php(108): Dispatcher->dispatch(Object(CakeRequest), Object(CakeResponse))
#3 {main}
2014-09-12 17:45:18 Error: [MissingActionException] Action UsersController::login() could not be found.
Exception Attributes: array (
  'controller' => 'UsersController',
  'action' => 'login',
)
Request URL: /tagging/users/login
Stack Trace:
#0 /var/www/html/tagging/lib/Cake/Routing/Dispatcher.php(191): Controller->invokeAction(Object(CakeRequest))
#1 /var/www/html/tagging/lib/Cake/Routing/Dispatcher.php(165): Dispatcher->_invoke(Object(UsersController), Object(CakeRequest))
#2 /var/www/html/tagging/app/webroot/index.php(108): Dispatcher->dispatch(Object(CakeRequest), Object(CakeResponse))
#3 {main}
2014-09-12 17:45:35 Error: [MissingActionException] Action UsersController::login() could not be found.
Exception Attributes: array (
  'controller' => 'UsersController',
  'action' => 'login',
)
Request URL: /tagging/users/login
Stack Trace:
#0 /var/www/html/tagging/lib/Cake/Routing/Dispatcher.php(191): Controller->invokeAction(Object(CakeRequest))
#1 /var/www/html/tagging/lib/Cake/Routing/Dispatcher.php(165): Dispatcher->_invoke(Object(UsersController), Object(CakeRequest))
#2 /var/www/html/tagging/app/webroot/index.php(108): Dispatcher->dispatch(Object(CakeRequest), Object(CakeResponse))
#3 {main}
2014-09-12 17:45:52 Error: [MissingActionException] Action UsersController::login() could not be found.
Exception Attributes: array (
  'controller' => 'UsersController',
  'action' => 'login',
)
Request URL: /tagging/users/login
Stack Trace:
#0 /var/www/html/tagging/lib/Cake/Routing/Dispatcher.php(191): Controller->invokeAction(Object(CakeRequest))
#1 /var/www/html/tagging/lib/Cake/Routing/Dispatcher.php(165): Dispatcher->_invoke(Object(UsersController), Object(CakeRequest))
#2 /var/www/html/tagging/app/webroot/index.php(108): Dispatcher->dispatch(Object(CakeRequest), Object(CakeResponse))
#3 {main}
2014-09-12 17:45:56 Error: [MissingActionException] Action UsersController::login() could not be found.
Exception Attributes: array (
  'controller' => 'UsersController',
  'action' => 'login',
)
Request URL: /tagging/users/login
Stack Trace:
#0 /var/www/html/tagging/lib/Cake/Routing/Dispatcher.php(191): Controller->invokeAction(Object(CakeRequest))
#1 /var/www/html/tagging/lib/Cake/Routing/Dispatcher.php(165): Dispatcher->_invoke(Object(UsersController), Object(CakeRequest))
#2 /var/www/html/tagging/app/webroot/index.php(108): Dispatcher->dispatch(Object(CakeRequest), Object(CakeResponse))
#3 {main}
2014-09-12 17:48:44 Error: [MissingActionException] Action UsersController::login() could not be found.
Exception Attributes: array (
  'controller' => 'UsersController',
  'action' => 'login',
)
Request URL: /tagging/users/login
Stack Trace:
#0 /var/www/html/tagging/lib/Cake/Routing/Dispatcher.php(191): Controller->invokeAction(Object(CakeRequest))
#1 /var/www/html/tagging/lib/Cake/Routing/Dispatcher.php(165): Dispatcher->_invoke(Object(UsersController), Object(CakeRequest))
#2 /var/www/html/tagging/app/webroot/index.php(108): Dispatcher->dispatch(Object(CakeRequest), Object(CakeResponse))
#3 {main}
2014-09-12 17:50:39 Error: [MissingViewException] View file "/var/www/html/tagging/app/View/Users/login.ctp" is missing.
Exception Attributes: array (
  'file' => '/var/www/html/tagging/app/View/Users/login.ctp',
)
Request URL: /tagging/users/login
Stack Trace:
#0 /var/www/html/tagging/lib/Cake/View/View.php(468): View->_getViewFileName(NULL)
#1 /var/www/html/tagging/lib/Cake/Controller/Controller.php(954): View->render(NULL, NULL)
#2 /var/www/html/tagging/lib/Cake/Routing/Dispatcher.php(198): Controller->render()
#3 /var/www/html/tagging/lib/Cake/Routing/Dispatcher.php(165): Dispatcher->_invoke(Object(UsersController), Object(CakeRequest))
#4 /var/www/html/tagging/app/webroot/index.php(108): Dispatcher->dispatch(Object(CakeRequest), Object(CakeResponse))
#5 {main}
2014-09-12 17:53:51 Error: [MissingViewException] View file "/var/www/html/tagging/app/View/Users/index.ctp" is missing.
Exception Attributes: array (
  'file' => '/var/www/html/tagging/app/View/Users/index.ctp',
)
Request URL: /tagging/users
Stack Trace:
#0 /var/www/html/tagging/lib/Cake/View/View.php(468): View->_getViewFileName(NULL)
#1 /var/www/html/tagging/lib/Cake/Controller/Controller.php(954): View->render(NULL, NULL)
#2 /var/www/html/tagging/lib/Cake/Routing/Dispatcher.php(198): Controller->render()
#3 /var/www/html/tagging/lib/Cake/Routing/Dispatcher.php(165): Dispatcher->_invoke(Object(UsersController), Object(CakeRequest))
#4 /var/www/html/tagging/app/webroot/index.php(108): Dispatcher->dispatch(Object(CakeRequest), Object(CakeResponse))
#5 {main}
2014-09-12 17:56:42 Error: [MissingActionException] Action UsersController::posts.index() could not be found.
Exception Attributes: array (
  'controller' => 'UsersController',
  'action' => 'posts.index',
)
Request URL: /tagging/users/posts.index
Stack Trace:
#0 /var/www/html/tagging/lib/Cake/Routing/Dispatcher.php(191): Controller->invokeAction(Object(CakeRequest))
#1 /var/www/html/tagging/lib/Cake/Routing/Dispatcher.php(165): Dispatcher->_invoke(Object(UsersController), Object(CakeRequest))
#2 /var/www/html/tagging/app/webroot/index.php(108): Dispatcher->dispatch(Object(CakeRequest), Object(CakeResponse))
#3 {main}
2014-09-12 17:58:32 Error: [MissingViewException] View file "/var/www/html/tagging/app/View/Users/index.ctp" is missing.
Exception Attributes: array (
  'file' => '/var/www/html/tagging/app/View/Users/index.ctp',
)
Request URL: /tagging/users/
Stack Trace:
#0 /var/www/html/tagging/lib/Cake/View/View.php(468): View->_getViewFileName(NULL)
#1 /var/www/html/tagging/lib/Cake/Controller/Controller.php(954): View->render(NULL, NULL)
#2 /var/www/html/tagging/lib/Cake/Routing/Dispatcher.php(198): Controller->render()
#3 /var/www/html/tagging/lib/Cake/Routing/Dispatcher.php(165): Dispatcher->_invoke(Object(UsersController), Object(CakeRequest))
#4 /var/www/html/tagging/app/webroot/index.php(108): Dispatcher->dispatch(Object(CakeRequest), Object(CakeResponse))
#5 {main}
